<?xml version="1.0" encoding="UTF-8"?>
<testng-results skipped="0" failed="0" ignored="0" total="1" passed="1">
  <reporter-output>
  </reporter-output>
  <suite name="Surefire suite" duration-ms="5718" started-at="2020-07-24T17:05:56Z" finished-at="2020-07-24T17:06:01Z">
    <groups>
    </groups>
    <test name="Surefire test" duration-ms="5718" started-at="2020-07-24T17:05:56Z" finished-at="2020-07-24T17:06:01Z">
      <class name="Test1">
        <test-method status="PASS" signature="Testone()[pri:0, instance:Test1@edf4efb]" name="Testone" duration-ms="5694" started-at="2020-07-24T17:05:56Z" finished-at="2020-07-24T17:06:01Z">
          <reporter-output>
          </reporter-output>
        </test-method> <!-- Testone -->
      </class> <!-- Test1 -->
    </test> <!-- Surefire test -->
  </suite> <!-- Surefire suite -->
</testng-results>
